<?xml version="1.0" ?>
<ns3:report xmlns:ns3="http://www.hello2morrow.com/sonargraph/core/report" xmlns:ns2="http://www.hello2morrow.com/sonargraph/core/export" id="_0" systemId="9cf9bda3857b4d1df56c985684a01635" name="Test" version="9.11.0.100" systemPath="D:\temp\sonargraph-integration-access\test-project\Test.sonargraph" timestamp="2019-05-29T14:06:52.985+02:00" currentVirtualModel="Modifiable.vm" analyzerExecutionLevel="full">
	<metaData>
		<issueProviders>
			<issueProvider id="_25" name="Core" presentationName="Core"></issueProvider>
			<issueProvider id="_26" name="JavaLanguageProvider" presentationName="Java"></issueProvider>
		</issueProviders>
		<issueCategories>
			<category id="_16" name="ArchitecturalView" presentationName="Architectural View"></category>
			<category id="_17" name="ArchitectureConsistency" presentationName="Architecture Consistency"></category>
			<category id="_18" name="ArchitectureDefinition" presentationName="Architecture Definition"></category>
			<category id="_19" name="ArchitectureViolation" presentationName="Architecture Violation"></category>
			<category id="_1a" name="CycleGroup" presentationName="Cycle Group"></category>
			<category id="_1b" name="DuplicateCode" presentationName="Duplicate Code"></category>
			<category id="_1c" name="InstallationConfiguration" presentationName="Installation Configuration"></category>
			<category id="_1d" name="PluginBased" presentationName="Plugin Based"></category>
			<category id="_1e" name="Refactoring" presentationName="Refactoring"></category>
			<category id="_1f" name="ScriptBased" presentationName="Script Based"></category>
			<category id="_20" name="ScriptDefinition" presentationName="Script Definition"></category>
			<category id="_21" name="SystemConfiguration" presentationName="System Configuration"></category>
			<category id="_22" name="ThresholdViolation" presentationName="Threshold Violation"></category>
			<category id="_23" name="Todo" presentationName="Todo"></category>
			<category id="_24" name="Workspace" presentationName="Workspace"></category>
		</issueCategories>
		<issueTypes>
			<issueType severity="Warning" category="_1b" id="_27" name="DuplicateCodeBlock" presentationName="Duplicate Code Block"></issueType>
			<issueType severity="None" category="_1e" id="_28" name="RenameRefactoring" presentationName="Rename Refactoring"></issueType>
			<issueType severity="Error" category="_22" id="_29" name="ThresholdViolationError" presentationName="Threshold Violation (Error)"></issueType>
			<issueType severity="Warning" category="_22" id="_2a" name="ThresholdViolation" presentationName="Threshold Violation"></issueType>
			<issueType severity="None" category="_23" id="_2b" name="Todo" presentationName="Todo"></issueType>
			<issueType severity="Warning" category="_24" id="_2c" name="ClassFileOutOfDate" presentationName="Class file is out-of-date"></issueType>
			<issueType severity="Warning" category="_24" id="_2d" name="RootPathDoesNotExist" presentationName="Root Path Not Found"></issueType>
		</issueTypes>
		<metricProviders>
			<provider id="_33" name="Core" presentationName="Core"></provider>
			<provider id="_3a" name="JavaLanguageProvider" presentationName="Java"></provider>
		</metricProviders>
		<metricCategories>
			<category id="_6d" name="Architecture" presentationName="Architecture" orderNumber="0"></category>
			<category id="_39" name="CodeAnalysis" presentationName="Code Analysis" orderNumber="1"></category>
			<category id="_3d" name="Cycle" presentationName="Cycle" orderNumber="2"></category>
			<category id="_2f" name="CohesionAndCoupling" presentationName="Cohesion/Coupling" orderNumber="3"></category>
			<category id="_47" name="Dependency" presentationName="Dependency" orderNumber="4"></category>
			<category id="_40" name="Size" presentationName="Size" orderNumber="5"></category>
			<category id="_30" name="JohnLakos" presentationName="John Lakos" orderNumber="7"></category>
			<category id="_98" name="CraigLarman" presentationName="Craig Larman" orderNumber="8"></category>
			<category id="_35" name="RobertMartin" presentationName="Robert C. Martin" orderNumber="9"></category>
			<category id="_4e" name="ThomasMccabe" presentationName="Thomas J. McCabe" orderNumber="10"></category>
			<category id="_57" name="MacCormack" presentationName="MacCormack, Rusnak, Baldwin" orderNumber="11"></category>
		</metricCategories>
		<metricLevels>
			<level id="_31" name="System" presentationName="System" orderNumber="0"></level>
			<level id="_32" name="Module" presentationName="Module" orderNumber="10"></level>
			<level id="_36" name="JavaPackage" presentationName="Java Package" orderNumber="40"></level>
			<level id="_49" name="Component" presentationName="Component" orderNumber="50"></level>
			<level id="_43" name="SourceFile" presentationName="Source File" orderNumber="60"></level>
			<level id="_64" name="LogicalProgrammingElement" presentationName="Logical Programming Element" orderNumber="65"></level>
			<level id="_5f" name="Type" presentationName="Type" orderNumber="70"></level>
			<level id="_4f" name="Routine" presentationName="Routine" orderNumber="80"></level>
		</metricLevels>
		<metricIds>
			<metricId id="_2e" name="CoreAcd" presentationName="ACD" description="Average component dependency according to John Lakos. Average number of components a component depends on directly and indirectly. This metric can be used to characterize the overall average coupling of internal components." categories="_2f _30" provider="_33" isFloat="true" levels="_31 _32" bestValue="0.0" worstValue="INF"></metricId>
			<metricId id="_34" name="CoreAbstractnessModule" presentationName="Abstractness (Module)" description="Abstractness according to Robert C. Martin based on module level dependencies. Total number of abstract types divided by the total number of concrete types. The metric has a range of [0,1]. 0 means that the container contains no abstract types. 1 means that the container contains nothing but abstract types." categories="_35" provider="_33" isFloat="true" levels="_36"></metricId>
			<metricId id="_37" name="CoreAbstractnessSystem" presentationName="Abstractness (System)" description="Abstractness according to Robert C. Martin based on system level dependencies. Total number of abstract types divided by the total number of concrete types. The metric has a range of [0,1]. 0 means that the container contains no abstract types. 1 means that the container contains nothing but abstract types." categories="_35" provider="_33" isFloat="true" levels="_36"></metricId>
			<metricId id="_38" name="JavaAverageClassMemberVisibility" presentationName="Average Java Class Member Visibility (%)" description="Average of Java class member visibility in a Java package" categories="_39" provider="_3a" isFloat="true" levels="_36" bestValue="0.0" worstValue="INF"></metricId>
			<metricId id="_3b" name="JavaAveragePackagePublicVisibility" presentationName="Average Java Public Visibility (%)" description="Average of Java public visibility for all Java packages in a Java module" categories="_39" provider="_3a" isFloat="true" levels="_32" bestValue="0.0" worstValue="INF"></metricId>
			<metricId id="_3c" name="CoreBiggestComponentCycleGroup" presentationName="Biggest Component Cycle Group" description="Number of components in biggest cycle." categories="_3d" provider="_33" isFloat="false" levels="_31 _32" bestValue="0.0" worstValue="INF"></metricId>
			<metricId id="_3e" name="JavaBiggestPackageCycleGroup" presentationName="Biggest Java Package Cycle Group" description="Biggest Java package cycle group." categories="_3d" provider="_3a" isFloat="false" levels="_31 _32" bestValue="0.0" worstValue="INF"></metricId>
			<metricId id="_3f" name="JavaByteCodeInstructions" presentationName="Byte Code Instructions" description="Number of Java byte code instructions." categories="_40" provider="_3a" isFloat="false" levels="_31"></metricId>
			<metricId id="_41" name="CoreCcd" presentationName="CCD" description="Cumulative component dependency according to John Lakos. Cumulated depends upon values." categories="_2f _30" provider="_33" isFloat="false" levels="_31 _32" bestValue="0.0" worstValue="INF"></metricId>
			<metricId id="_42" name="CoreCodeCommentLines" presentationName="Code Comment Lines" description="Counts all comment lines excluding header comments." categories="_40" provider="_33" isFloat="false" levels="_31 _32 _43"></metricId>
			<metricId id="_44" name="CoreCommentLines" presentationName="Comment Lines" description="Counts all comment lines." categories="_40" provider="_33" isFloat="false" levels="_31 _32 _43"></metricId>
			<metricId id="_45" name="CoreComponentDependenciesToRemoveComponents" presentationName="Component Dependencies to Remove (Components)" description="Number of component dependencies to remove to break up all  component cycles (including ignored)." categories="_39 _3d" provider="_33" isFloat="false" levels="_31 _32" bestValue="0.0" worstValue="INF"></metricId>
			<metricId id="_46" name="JavaComponentDependenciesToRemovePackages" presentationName="Component Dependencies to Remove (Java Packages)" description="Number of component dependencies to remove to break up all Java package cycle groups (including ignored)." categories="_39 _47" provider="_3a" isFloat="false" levels="_31 _32" bestValue="0.0" worstValue="INF"></metricId>
			<metricId id="_48" name="CoreComponentRankModule" presentationName="Component Rank (Module)" description="Component Rank is based on Google's page rank algorithm. The total componet rank over all components in the selected group adds up to 100. The higher the rank, the more 'important' a component is in a system. Having many incoming dependencies or being referenced by other important components increases rank." categories="_39" provider="_33" isFloat="true" levels="_49"></metricId>
			<metricId id="_4a" name="CoreComponentRankSystem" presentationName="Component Rank (System)" description="Component Rank is based on Google's page rank algorithm. The total componet rank over all components in the selected group adds up to 100. The higher the rank, the more 'important' a component is in a system. Having many incoming dependencies or being referenced by other important components increases rank." categories="_39" provider="_33" isFloat="true" levels="_49"></metricId>
			<metricId id="_4b" name="CoreCyclicityComponents" presentationName="Cyclicity (Components)" description="Cumulated cyclicity of component cycles." categories="_3d" provider="_33" isFloat="false" levels="_31 _32" bestValue="0.0" worstValue="INF"></metricId>
			<metricId id="_4c" name="JavaCyclicityPackages" presentationName="Cyclicity (Java Packages)" description="Cumulated cyclicity of Java package cycle groups." categories="_3d" provider="_3a" isFloat="false" levels="_31 _32" bestValue="0.0" worstValue="INF"></metricId>
			<metricId id="_4d" name="CoreCcn" presentationName="Cyclomatic Complexity" description="Cyclomatic complexity according to Thomas J. McCabe. Number of decision points in a method plus one for the method entry." categories="_4e" provider="_33" isFloat="false" levels="_4f" bestValue="0.0" worstValue="INF"></metricId>
			<metricId id="_50" name="CoreDependsUponModule" presentationName="Depends Upon (Module)" description="Depends upon module level according to DependsOn by John Lakos. Total number of components that a component directly and indirectly depends upon in containing module." categories="_2f _30" provider="_33" isFloat="false" levels="_49" bestValue="0.0" worstValue="INF"></metricId>
			<metricId id="_51" name="CoreDependsUponSystem" presentationName="Depends Upon (System)" description="Depends upon system level according to DependsOn by John Lakos. Total number of components that a component directly and indirectly depends upon in system." categories="_2f _30" provider="_33" isFloat="false" levels="_49" bestValue="0.0" worstValue="INF"></metricId>
			<metricId id="_52" name="CoreDistanceModule" presentationName="Distance (Module)" description="Distance according to Robert C. Martin based on module level dependencies. Abstractness + Instability - 1. The metric has a range of [-1,1]. This is a variation of the original metric definition. A negative sign means 'in the zone of pain' and a positive sign means 'in the zone of uselessness'. A 'good' value should be around 0." categories="_35" provider="_33" isFloat="true" levels="_36" bestValue="0.0"></metricId>
			<metricId id="_53" name="CoreDistanceSystem" presentationName="Distance (System)" description="Distance according to Robert C. Martin based on system level dependencies. Abstractness + Instability - 1. The metric has a range of [-1,1]. This is a variation of the original metric definition. A negative sign means 'in the zone of pain' and a positive sign means 'in the zone of uselessness'. A 'good' value should be around 0." categories="_35" provider="_33" isFloat="true" levels="_36" bestValue="0.0"></metricId>
			<metricId id="_54" name="CoreExtendedCcn" presentationName="Extended Cyclomatic Complexity" description="As cyclomatic complexity adding the number of logical '&amp;&amp;' and '||' operations." categories="_4e" provider="_33" isFloat="false" levels="_4f" bestValue="0.0" worstValue="INF"></metricId>
			<metricId id="_55" name="CoreMlFanInModule" presentationName="Fan In Maintainability Level (Module)" description="Percentage of higher level components in the same module that depend directly or indirectly on this component." categories="_2f" provider="_33" isFloat="true" levels="_49" bestValue="0.0" worstValue="INF"></metricId>
			<metricId id="_56" name="CoreFanInModule" presentationName="Fan In Visibility (Module)" description="Percentage of components in the same module that depend directly or indirectly on this component." categories="_2f _57" provider="_33" isFloat="true" levels="_49" bestValue="0.0" worstValue="INF"></metricId>
			<metricId id="_58" name="CoreFanInSystem" presentationName="Fan In Visibility (System)" description="Percentage of internal components in the system that depend directly or indirectly on this component." categories="_2f _57" provider="_33" isFloat="true" levels="_49" bestValue="0.0" worstValue="INF"></metricId>
			<metricId id="_59" name="CoreFanOutModule" presentationName="Fan Out Visibility (Module)" description="Percentage of components in the same module that this component depends upon." categories="_2f _57" provider="_33" isFloat="true" levels="_49" bestValue="0.0" worstValue="INF"></metricId>
			<metricId id="_5a" name="CoreFanOutSystem" presentationName="Fan Out Visibility (System)" description="Percentage of internal components in the system that this component depends upon." categories="_2f _57" provider="_33" isFloat="true" levels="_49" bestValue="0.0" worstValue="INF"></metricId>
			<metricId id="_5b" name="CoreMaxAcd" presentationName="Highest ACD" description="Highest ACD." categories="_2f _30" provider="_33" isFloat="true" levels="_31" bestValue="0.0" worstValue="INF"></metricId>
			<metricId id="_5c" name="CoreInstabilityModule" presentationName="Instability (Module)" description="Instability according to Robert C. Martin based on module level dependencies. The metric has a range of [0,1]. If there are no outgoing dependencies, then the Instability will be 0 and the measured element is stable. If there are no incoming dependencies, then the Instability will be 1 and the measured element is instable. Stable means that the element is not so easy to be changed. Instable means that it is easier to be changed." categories="_35" provider="_33" isFloat="true" levels="_36 _49" bestValue="0.0" worstValue="1.0"></metricId>
			<metricId id="_5d" name="CoreInstabilitySysytem" presentationName="Instability (System)" description="Instability according to Robert C. Martin based on system level dependencies. The metric has a range of [0,1]. If there are no outgoing dependencies, then I will be 0 and the measured element is stable. If there are no incoming dependencies, then I will be 1 and the measured element is instable. Stable means that the element is not so easy to be changed. Instable means that it is easier to be changed. " categories="_35" provider="_33" isFloat="true" levels="_36 _49" bestValue="0.0" worstValue="1.0"></metricId>
			<metricId id="_5e" name="JavaClassMemberVisibility" presentationName="Java Member Visibility (%)" description="Percentage of non-private Java members in a class" categories="_39" provider="_3a" isFloat="true" levels="_5f" bestValue="0.0" worstValue="INF"></metricId>
			<metricId id="_60" name="JavaPackagePublicVisibility" presentationName="Java Public Visibility (%)" description="Percentage of public Java types in a Java package" categories="_39" provider="_3a" isFloat="true" levels="_36" bestValue="0.0" worstValue="INF"></metricId>
			<metricId id="_61" name="CoreLcom4" presentationName="LCOM4" description="Determines the number of components in a class. A component is composed of fields, methods and types defined top level including all their nested programming elements. Constructors, destructors, empty, abstract and overridden methods of classes are not included in the calculation. The metric represents the unrelated portions of code in a class. A value of 1 indicates the highest cohesion possible - which is normally desirable. High values might indicate that a class is a candidate for a refactoring. Consider that utility classes by nature have high LCOM4 values." categories="_2f" provider="_33" isFloat="false" levels="_5f" bestValue="0.0" worstValue="INF"></metricId>
			<metricId id="_62" name="CoreLinesOfCode" presentationName="Lines of Code" description="Lines of code excluding blank and comment lines." categories="_40" provider="_33" isFloat="false" levels="_31 _32 _43"></metricId>
			<metricId id="_63" name="CoreLogicalCohesionModule" presentationName="Logical cohesion (Module)" description="Number of dependencies 'to' and 'from' other top-level logical programming elements in the same namespace on module level." categories="_2f" provider="_33" isFloat="false" levels="_64" bestValue="INF" worstValue="0.0"></metricId>
			<metricId id="_65" name="CoreLogicalCohesionSystem" presentationName="Logical cohesion (System)" description="Number of dependencies 'to' and 'from' other top-level logical programming elements in the same namespace on system level." categories="_2f" provider="_33" isFloat="false" levels="_64" bestValue="INF" worstValue="0.0"></metricId>
			<metricId id="_66" name="CoreLogicalCouplingModule" presentationName="Logical coupling (Module)" description="Number of dependencies 'to' and 'from' other top-level logical programming elements in other namespaces on module level." categories="_2f" provider="_33" isFloat="false" levels="_64" bestValue="0.0" worstValue="INF"></metricId>
			<metricId id="_67" name="CoreLogicalCouplingSystem" presentationName="Logical coupling (System)" description="Number of dependencies 'to' and 'from' other top-level logical programming elements in other namespaces on system level." categories="_2f" provider="_33" isFloat="false" levels="_64" bestValue="0.0" worstValue="INF"></metricId>
			<metricId id="_68" name="CoreMaintainabilityLevel" presentationName="Maintainability Level" description="This metric estimates maintainability as a percentage. 100% is tbe best possible value. To do that it looks at the deppendency structure between components (source files in most languages). Cyclic dependencies and low level classes with a lot of incoming dependencies have a negative influence on the metric. Keeping good vertical boundaries and not having too many layers will have a positive influence. It is also recommended to have as many components as possible that are independent, i.e. have no incoming dependencies and therefore can be changed without influencing the rest of the system. In Java and C# the metric also considers the value of the relative cyclicity metric for packages/namespaces. If you have large cycle groups they will have a negative influence on the metric value." categories="_2f" provider="_33" isFloat="true" levels="_31 _32" bestValue="INF" worstValue="0.0"></metricId>
			<metricId id="_69" name="CoreModifiedCcn" presentationName="Modified Cyclomatic Complexity" description="As cyclomatic complexity but switch statements only add 1 independent from the number of cases." categories="_4e" provider="_33" isFloat="false" levels="_4f" bestValue="0.0" worstValue="INF"></metricId>
			<metricId id="_6a" name="CoreModifiedExtendedCcn" presentationName="Modified Extended Cyclomatic Complexity" description="As cyclomatic complexity but switch statements only add 1 independent from the number of cases and adding the number of logical '&amp;&amp;' and '||' operations." categories="_4e" provider="_33" isFloat="false" levels="_4f" bestValue="0.0" worstValue="INF"></metricId>
			<metricId id="_6b" name="CoreNccd" presentationName="NCCD" description="Normalized cumulative component dependency  according to John Lakos. The ratio between the cumulative component dependency and the cumulative component dependency of a balanced binary tree of the same size. A value greater than 1 indicates a more vertical design. A value less than 1 indicates a more horizontal design." categories="_2f _30" provider="_33" isFloat="true" levels="_31 _32" bestValue="0.0" worstValue="INF"></metricId>
			<metricId id="_6c" name="CoreArtifactCount" presentationName="Number of Artifacts" description="Number of active architecture artifacts" categories="_6d" provider="_33" isFloat="false" levels="_31"></metricId>
			<metricId id="_6e" name="CoreDuplicates" presentationName="Number of Code Duplicates" description="Number of duplicated code blocks." categories="_39" provider="_33" isFloat="false" levels="_31" bestValue="0.0" worstValue="INF"></metricId>
			<metricId id="_6f" name="CoreComponentCycleGroups" presentationName="Number of Component Cycle Groups" description="Number of component cycles." categories="_3d" provider="_33" isFloat="false" levels="_31 _32" bestValue="0.0" worstValue="INF"></metricId>
			<metricId id="_70" name="CoreComponents" presentationName="Number of Components" description="Number of components." categories="_40" provider="_33" isFloat="false" levels="_31 _32"></metricId>
			<metricId id="_71" name="CoreComponentsIgnoringIssues" presentationName="Number of Components (Ignoring Issues)" description="Number of components ignoring issues." categories="_40" provider="_33" isFloat="false" levels="_31 _32"></metricId>
			<metricId id="_72" name="CoreComponentsInDeprecatedArtifacts" presentationName="Number of Components in Deprecated Artifacts" description="Number of components that are assigned to deprecated artifact" categories="_6d" provider="_33" isFloat="false" levels="_31" bestValue="0.0" worstValue="INF"></metricId>
			<metricId id="_73" name="CoreViolatingComponents" presentationName="Number of Components with Violations" description="Number of components that contain architecture violations" categories="_6d" provider="_33" isFloat="false" levels="_31 _32" bestValue="0.0" worstValue="INF"></metricId>
			<metricId id="_74" name="CoreCyclicComponents" presentationName="Number of Cyclic Components" description="Number of cyclic components." categories="_3d" provider="_33" isFloat="false" levels="_31 _32" bestValue="0.0" worstValue="INF"></metricId>
			<metricId id="_75" name="JavaCyclicPackages" presentationName="Number of Cyclic Java Packages" description="Number of cyclic Java packages." categories="_3d" provider="_3a" isFloat="false" levels="_31 _32" bestValue="0.0" worstValue="INF"></metricId>
			<metricId id="_76" name="CoreCyclicModules" presentationName="Number of Cyclic Modules" description="Number of cyclic modules." categories="_3d" provider="_33" isFloat="false" levels="_31" bestValue="0.0" worstValue="INF"></metricId>
			<metricId id="_77" name="CoreDuplicatedLines" presentationName="Number of Duplicated Code Lines" description="Number of duplicated lines in duplicated code blocks." categories="_39" provider="_33" isFloat="false" levels="_31" bestValue="0.0" worstValue="INF"></metricId>
			<metricId id="_78" name="CoreEmptyArtifactCount" presentationName="Number of Empty Artifacts" description="Number of active architecture artifacts that are empty" categories="_6d" provider="_33" isFloat="false" levels="_31" bestValue="0.0" worstValue="INF"></metricId>
			<metricId id="_79" name="CoreIgnoredDuplicates" presentationName="Number of Ignored Code Duplicates" description="Number of ignored duplicated code blocks." categories="_39" provider="_33" isFloat="false" levels="_31" bestValue="0.0" worstValue="INF"></metricId>
			<metricId id="_7a" name="CoreIgnoredCyclicComponents" presentationName="Number of Ignored Cyclic Components" description="Number of ignored cyclic components." categories="_3d" provider="_33" isFloat="false" levels="_31 _32" bestValue="0.0" worstValue="INF"></metricId>
			<metricId id="_7b" name="JavaIgnoredCyclicPackages" presentationName="Number of Ignored Cyclic Java Packages" description="Number of ignored cyclic Java packages." categories="_3d" provider="_3a" isFloat="false" levels="_31 _32" bestValue="0.0" worstValue="INF"></metricId>
			<metricId id="_7c" name="CoreIgnoredThresholdViolations" presentationName="Number of Ignored Threshold Violations" description="Number of ignored threshold violations." categories="_39" provider="_33" isFloat="false" levels="_31 _32" bestValue="0.0" worstValue="INF"></metricId>
			<metricId id="_7d" name="CoreIgnoredViolationsParserDependencies" presentationName="Number of Ignored Violations (Parser Dependencies)" description="Number of parser dependencies in ignored architecture violations" categories="_6d" provider="_33" isFloat="false" levels="_31 _32" bestValue="0.0" worstValue="INF"></metricId>
			<metricId id="_7e" name="CoreIncomingDependenciesModule" presentationName="Number of Incoming Dependencies (Module)" description="Number of incoming dependencies on module level." categories="_35" provider="_33" isFloat="false" levels="_36 _49" bestValue="0.0" worstValue="INF"></metricId>
			<metricId id="_7f" name="CoreIncomingDependenciesSystem" presentationName="Number of Incoming Dependencies (System)" description="Number of incoming dependencies on system level." categories="_35" provider="_33" isFloat="false" levels="_36 _49" bestValue="0.0" worstValue="INF"></metricId>
			<metricId id="_80" name="JavaPackageCycleGroups" presentationName="Number of Java Package Cycle Groups" description="Number of Java package cycle groups." categories="_3d" provider="_3a" isFloat="false" levels="_31 _32" bestValue="0.0" worstValue="INF"></metricId>
			<metricId id="_81" name="JavaPackages" presentationName="Number of Java Packages" description="Number of Java packages containing types." categories="_40" provider="_3a" isFloat="false" levels="_31 _32"></metricId>
			<metricId id="_82" name="CoreElementsInDeprecatedArtifacts" presentationName="Number of Logical Elements in Deprecated Artifacts" description="Number of logical programming elements that are assigned to deprecated artifact" categories="_6d" provider="_33" isFloat="false" levels="_31" bestValue="0.0" worstValue="INF"></metricId>
			<metricId id="_83" name="CoreMethods" presentationName="Number of Methods" description="Number of member functions." categories="_40" provider="_33" isFloat="false" levels="_5f"></metricId>
			<metricId id="_84" name="CoreModules" presentationName="Number of Modules" description="Number of modules." categories="_40" provider="_33" isFloat="false" levels="_31"></metricId>
			<metricId id="_85" name="CoreOutgoingDependenciesModule" presentationName="Number of Outgoing Dependencies (Module)" description="Number of outgoing dependencies on module level." categories="_35" provider="_33" isFloat="false" levels="_36 _49" bestValue="0.0" worstValue="INF"></metricId>
			<metricId id="_86" name="CoreOutgoingDependenciesSystem" presentationName="Number of Outgoing Dependencies (System)" description="Number of outgoing dependencies on system level." categories="_35" provider="_33" isFloat="false" levels="_36 _49" bestValue="0.0" worstValue="INF"></metricId>
			<metricId id="_87" name="CoreParameters" presentationName="Number of Parameters" description="Number of parameters." categories="_40" provider="_33" isFloat="false" levels="_4f"></metricId>
			<metricId id="_88" name="CoreStatements" presentationName="Number of Statements" description="Counts all statements." categories="_40" provider="_33" isFloat="false" levels="_31 _32 _43 _5f _4f"></metricId>
			<metricId id="_89" name="CoreThresholdViolations" presentationName="Number of Threshold Violations" description="Number of threshold violations." categories="_39" provider="_33" isFloat="false" levels="_31 _32" bestValue="0.0" worstValue="INF"></metricId>
			<metricId id="_8a" name="CoreTypesModule" presentationName="Number of Types (Module)" description="Number of types (classes, enums or similar) in container on module level." categories="_40" provider="_33" isFloat="false" levels="_36 _49"></metricId>
			<metricId id="_8b" name="CoreTypesSystem" presentationName="Number of Types (System)" description="Number of types (classes, enums or similar) in container on system level." categories="_40" provider="_33" isFloat="false" levels="_36"></metricId>
			<metricId id="_8c" name="CoreUnassignedLogicalElements" presentationName="Number of Unassigned Logical Elements" description="Number of internal logical elements that are not assigned to any artifact" categories="_6d" provider="_33" isFloat="false" levels="_31 _32" bestValue="0.0" worstValue="INF"></metricId>
			<metricId id="_8d" name="CoreUnassignedComponents" presentationName="Number of Unassigned Physical Components" description="Number of internal physical components that are not assigned to any artifact" categories="_6d" provider="_33" isFloat="false" levels="_31 _32" bestValue="0.0" worstValue="INF"></metricId>
			<metricId id="_8e" name="CoreViolationsComponentDependencies" presentationName="Number of Violations (Component Dependencies)" description="Number of architecture violating component dependencies" categories="_6d" provider="_33" isFloat="false" levels="_31 _32 _49" bestValue="0.0" worstValue="INF"></metricId>
			<metricId id="_8f" name="CoreViolationsParserDependencies" presentationName="Number of Violations (Parser Dependencies)" description="Number of architecture violating parser dependencies" categories="_6d" provider="_33" isFloat="false" levels="_31 _32 _49" bestValue="0.0" worstValue="INF"></metricId>
			<metricId id="_90" name="CoreAllViolatingComponents" presentationName="Number of all Components with Violations" description="Number of components that contain architecture violations (including ignored)" categories="_6d" provider="_33" isFloat="false" levels="_31 _32" bestValue="0.0" worstValue="INF"></metricId>
			<metricId id="_91" name="CoreParserDependenciesToRemoveComponents" presentationName="Parser Dependencies to Remove (Components)" description="Number of code lines to change to break up all  component cycles (including ignored)." categories="_39 _3d" provider="_33" isFloat="false" levels="_31 _32" bestValue="0.0" worstValue="INF"></metricId>
			<metricId id="_92" name="JavaParserDependenciesToRemovePackages" presentationName="Parser Dependencies to Remove (Java Packages)" description="Number of code lines to change to break up all Java package cycle groups (including ignored)." categories="_39 _47" provider="_3a" isFloat="false" levels="_31 _32" bestValue="0.0" worstValue="INF"></metricId>
			<metricId id="_93" name="CorePhysicalCohesion" presentationName="Physical cohesion" description="Number of dependencies 'to' and 'from' other components in the same module." categories="_2f" provider="_33" isFloat="false" levels="_49" bestValue="INF" worstValue="0.0"></metricId>
			<metricId id="_94" name="CorePhysicalCoupling" presentationName="Physical coupling" description="Number of dependencies 'to' and 'from' other components in other modules." categories="_2f" provider="_33" isFloat="false" levels="_49" bestValue="0.0" worstValue="INF"></metricId>
			<metricId id="_95" name="CorePropagationCost" presentationName="Propagation Cost" description="Propagation cost metric according to MacCormack, Rusnak and Baldwin." categories="_2f _57" provider="_33" isFloat="true" levels="_31 _32" bestValue="0.0" worstValue="INF"></metricId>
			<metricId id="_96" name="CoreRacd" presentationName="RACD" description="Relative average component dependency. Average component dependency divided by the number of internal components multiplied by 100 (in percent)." categories="_2f _30" provider="_33" isFloat="true" levels="_31 _32" bestValue="0.0" worstValue="INF"></metricId>
			<metricId id="_97" name="CoreRelationalCohesionModule" presentationName="Relational cohesion (Module)" description="Relation cohesion according to Craig Larman (adapted). Number of internal namespace dependencies divided by the number of top-level logical programming elements in the same namespace on module level. Higher numbers suggest more cohesion. " categories="_98 _2f" provider="_33" isFloat="true" levels="_36" bestValue="INF" worstValue="0.0"></metricId>
			<metricId id="_99" name="CoreRelationalCohesionSystem" presentationName="Relational cohesion (System)" description="Relation cohesion according to Craig Larman (adapted). Number of internal namespace dependencies divided by the number of top-level logical programming elements in the same namespace on system level. Higher numbers suggest more cohesion. " categories="_98 _2f" provider="_33" isFloat="true" levels="_36" bestValue="INF" worstValue="0.0"></metricId>
			<metricId id="_9a" name="CoreRelativeCyclicityComponents" presentationName="Relative Cyclicity (Components)" description="Relative component cyclicity in percent." categories="_3d" provider="_33" isFloat="true" levels="_31 _32" bestValue="0.0" worstValue="INF"></metricId>
			<metricId id="_9b" name="JavaRelativeCyclicityPackages" presentationName="Relative Cyclicity (Java Packages)" description="Relative Java package cyclicity in percent." categories="_3d" provider="_3a" isFloat="true" levels="_31 _32" bestValue="0.0" worstValue="INF"></metricId>
			<metricId id="_9c" name="CoreSourceElementCount" presentationName="Source Element Count" description="Number of programming elements (i.e. types, fields, methods, functions, ...) plus number of statements." categories="_40" provider="_33" isFloat="false" levels="_31 _32 _43 _5f"></metricId>
			<metricId id="_9d" name="CoreStructuralDebtIndexComponents" presentationName="Structural Debt Index (Components)" description="Cumulative structural debt index of component cycles (including ignored)." categories="_39" provider="_33" isFloat="false" levels="_31 _32" bestValue="0.0" worstValue="INF"></metricId>
			<metricId id="_9e" name="JavaStructuralDebtIndexPackages" presentationName="Structural Debt Index (Java Packages)" description="Cumulative structural debt index of all Java package cycle groups (including ignored)." categories="_39" provider="_3a" isFloat="false" levels="_31 _32" bestValue="0.0" worstValue="INF"></metricId>
			<metricId id="_9f" name="CoreTotalLines" presentationName="Total Lines" description="Counts all lines including empty and comment lines." categories="_40" provider="_33" isFloat="false" levels="_31 _32 _43"></metricId>
			<metricId id="_a0" name="CoreUsedFromModule" presentationName="Used From (Module)" description="Number of all depending elements (direct and indirect) + 1 (including self) in containing module." categories="_2f _30" provider="_33" isFloat="false" levels="_49" bestValue="0.0" worstValue="INF"></metricId>
			<metricId id="_a1" name="CoreUsedFromSystem" presentationName="Used From (System)" description="Number of all depending elements (direct and indirect) + 1 (including self) in system." categories="_2f _30" provider="_33" isFloat="false" levels="_49" bestValue="0.0" worstValue="INF"></metricId>
		</metricIds>
	</metaData>
	<features>
		<feature name="Architecture" presentationName="Architecture" licensed="true"></feature>
		<feature name="CohesionAndCouplingMetrics" presentationName="Cohesion And Coupling Metrics" licensed="true"></feature>
		<feature name="CycleBreakUp" presentationName="Cycle Break Up" licensed="true"></feature>
		<feature name="DuplicateCode" presentationName="Duplicate Code" licensed="true"></feature>
		<feature name="Platform" presentationName="Platform" licensed="true"></feature>
		<feature name="Plugins" presentationName="Plugins" licensed="true"></feature>
		<feature name="Reporting" presentationName="Reporting" licensed="true"></feature>
		<feature name="Scripts" presentationName="Scripts" licensed="true"></feature>
		<feature name="ScriptsAutomated" presentationName="Scripts Automated" licensed="true"></feature>
		<feature name="Snapshots" presentationName="Snapshots" licensed="true"></feature>
		<feature name="Systems" presentationName="Systems" licensed="true"></feature>
		<feature name="VirtualModels" presentationName="Virtual Models" licensed="true"></feature>
	</features>
	<analyzers>
		<analyzer description="Checks for architecture violations" licensed="true" executionLevel="minimal" executed="true" id="_1" name="ArchitectureCheck" presentationName="Architecture Check"></analyzer>
		<analyzer description="Calculates number of violatong/ignored parser dependencies" licensed="true" executionLevel="minimal" executed="true" id="_2" name="ArchitectureCheckMetrics" presentationName="Architecture Metrics"></analyzer>
		<analyzer description="Calculates cohesion and coupling metrics" licensed="true" executionLevel="full" executed="true" id="_10" name="CohesionAndCouplingMetrics" presentationName="Cohesion and Coupling Metrics"></analyzer>
		<analyzer description="Analyzes component / compilation unit cycles on module level" licensed="true" executionLevel="advanced" executed="true" id="_e" name="ComponentCyclesModule" presentationName="Component Cycles (Module)"></analyzer>
		<analyzer description="Computes component cycle metrics on module level" licensed="true" executionLevel="advanced" executed="true" id="_c" name="ComponentCyclesModuleMetrics" presentationName="Component Cycle Metrics (Module)"></analyzer>
		<analyzer description="Analyzes component / compilation unit cycles on system level" licensed="true" executionLevel="advanced" executed="true" id="_f" name="ComponentCyclesSystem" presentationName="Component Cycles (System)"></analyzer>
		<analyzer description="Computes component cycle metrics on system level" licensed="true" executionLevel="advanced" executed="true" id="_d" name="ComponentCyclesSystemMetrics" presentationName="Component Cycle Metrics (System)"></analyzer>
		<analyzer description="Calculates John Lakos metrics on module level" licensed="true" executionLevel="full" executed="true" id="_13" name="CumulateDependenciesModule" presentationName="Module Dependencies"></analyzer>
		<analyzer description="Calculates John Lakos metrics on system level" licensed="true" executionLevel="full" executed="true" id="_15" name="CumulateDependenciesSystem" presentationName="System Dependencies"></analyzer>
		<analyzer description="Cumulates sizes" licensed="true" executionLevel="minimal" executed="true" id="_3" name="CumulateSize" presentationName="Cumulate size"></analyzer>
		<analyzer description="Search duplicate code on system level" licensed="true" executionLevel="full" executed="true" id="_11" name="DuplicateCode" presentationName="Duplicate Code"></analyzer>
		<analyzer description="Calculates duplicate code metrics" licensed="true" executionLevel="full" executed="true" id="_12" name="DuplicateCodeMetrics" presentationName="Duplicate Code Metrics"></analyzer>
		<analyzer description="Computes Java visibility metrics" licensed="true" executionLevel="basic" executed="true" id="_5" name="JavaVisibilityMetrics" presentationName="Java Visibility Metrics"></analyzer>
		<analyzer description="Calculates maintainability level metrics" licensed="true" executionLevel="advanced" executed="true" id="_b" name="MaintainabilityLevel" presentationName="Calculate Maintainability Level"></analyzer>
		<analyzer description="Checks for metric threshold violations" licensed="true" executionLevel="minimal" executed="true" id="_4" name="MetricThresholds" presentationName="Metric Thresholds"></analyzer>
		<analyzer description="Analyzes module cycles on system level" licensed="true" executionLevel="basic" executed="true" id="_6" name="ModuleCyclesSystem" presentationName="Module Cycles"></analyzer>
		<analyzer description="Analyzes package cycles on module level" licensed="true" executionLevel="basic" executed="true" id="_9" name="PackageCyclesModule" presentationName="Package Cycles (Module)"></analyzer>
		<analyzer description="Computes package cycle metrcis on module level" licensed="true" executionLevel="basic" executed="true" id="_7" name="PackageCyclesModuleMetrics" presentationName="Package Cycle Metrics (Module)"></analyzer>
		<analyzer description="Analyzes package cycles on system level" licensed="true" executionLevel="basic" executed="true" id="_a" name="PackageCyclesSystem" presentationName="Package Cycles (System)"></analyzer>
		<analyzer description="Computes package cycle metrcis on system level" licensed="true" executionLevel="basic" executed="true" id="_8" name="PackageCyclesSystemMetrics" presentationName="Package Cycle Metrics (System)"></analyzer>
		<analyzer description="Runs scripts configured for automated execution" licensed="true" executionLevel="full" executed="true" id="_14" name="ScriptRunner" presentationName="Script Runner"></analyzer>
	</analyzers>
	<plugins></plugins>
	<duplicateCodeConfiguration>
		<entry>MinimalLineLength:3</entry>
		<entry>MinimalBlockLength:25</entry>
		<entry>MaximalNumberOfCopies:100</entry>
		<entry>MaximalTolerancePerEdit:3</entry>
		<entry>MaximalRelativeTolerancePercentage:35</entry>
	</duplicateCodeConfiguration>
	<metricThresholds>
		<threshold id="_a2" metricId="_62" metricLevel="_43" upperThreshold="10"></threshold>
		<threshold id="_a3" metricId="_44" metricLevel="_43" lowerThreshold="10" upperThreshold="100"></threshold>
	</metricThresholds>
	<elementKinds>
		<elementKind id="_c2" standardKind="JavaNonInitializer" presentationKind="Java Non Initializer"></elementKind>
		<elementKind id="_ae" standardKind="JavaLogicalModuleNamespace" presentationKind="Package"></elementKind>
		<elementKind id="_a7" standardKind="JavaClassRootDirectoryPath" presentationKind="Java Class Root Directory/Archive"></elementKind>
		<elementKind id="_c9" standardKind="JavaLogicalSystemNamespace" presentationKind="Package"></elementKind>
		<elementKind id="_cb" standardKind="LogicalSystemProgrammingElement" presentationKind="Logical System Programming Element"></elementKind>
		<elementKind id="_b6" standardKind="JavaInternalCompilationUnit" presentationKind="Java Internal Compilation Unit"></elementKind>
		<elementKind id="_b2" standardKind="LogicalModuleProgrammingElement" presentationKind="Logical Module Programming Element"></elementKind>
		<elementKind id="_a5" standardKind="JavaModule" presentationKind="Java Module"></elementKind>
		<elementKind id="_ac" standardKind="JavaExternal" presentationKind="Java External"></elementKind>
		<elementKind id="_b4" standardKind="JavaType" presentationKind="Java Type"></elementKind>
		<elementKind id="_bf" standardKind="JavaClassFile" presentationKind="Java Class File"></elementKind>
		<elementKind id="_ce" standardKind="SoftwareSystem" presentationKind="System"></elementKind>
		<elementKind id="_b0" standardKind="JavaPackageFragment" presentationKind="Package"></elementKind>
		<elementKind id="_a9" standardKind="JavaSourceRootDirectoryPath" presentationKind="Java Source Root Directory/Archive"></elementKind>
		<elementKind id="_bd" standardKind="JavaConstructor" presentationKind="Java Constructor"></elementKind>
	</elementKinds>
	<workspace>
		<workspaceFilter description="Exclude files from the workspace" information="Excluded 0 files(s)" numberOfExcludedElements="0"></workspaceFilter>
		<productionCodeFilter description="Exclude internal components containing test code" information="Excluded 0 internal component(s) (processed 2)" numberOfExcludedElements="0" numberOfIncludedElements="2"></productionCodeFilter>
		<issueFilter description="Ignore issues of internal components containing legacy/generated code" information="Ignoring issues of 0 internal component(s) (processed 2)" numberOfExcludedElements="0" numberOfIncludedElements="2"></issueFilter>
		<module language="Java" description="" kind="_a5" fqName="Workspace:M1" id="_a4" name="M1" presentationName="M1">
			<rootDirectory kind="_a7" fqName="Workspace:M1:Class|./bin" id="_a6" name="Class|./bin" presentationName="./bin">
			<!--
			 	<sourceElement locationOnly="true" kind="_b6" fqName="Workspace:M1:./src:com:h2m:C1.java" id="_c0" name="C1.java" presentationName="./com/h2m/C1.java"></sourceElement>
				<sourceElement locationOnly="true" kind="_b6" fqName="Workspace:M1:./src:com:h2m:C2.java" id="_c5" name="C2.java" presentationName="./com/h2m/C2.java"></sourceElement>
			-->
			</rootDirectory>
			<rootDirectory kind="_a9" fqName="Workspace:M1:./src" id="_a8" name="./src" presentationName="./src">
				<physicalRecursiveElement relativeDirectoryPath="./com/h3m" originalLocation="_c7" kind="_b0" fqName="Workspace:M1:./src:com:h3m" id="_af" name="h3m" presentationName="com.h3m"></physicalRecursiveElement>
				<physicalRecursiveElement relativeDirectoryPath="./com/h2m" locationOnly="true" kind="_b0" fqName="Workspace:M1:./src:com:h2m" id="_c7" name="h2m" presentationName="com.h2m"></physicalRecursiveElement>
				<sourceElement locationOnly="true" kind="_b6" fqName="Workspace:M1:./src:com:h2m:C1.java" id="_b5" name="C1.java" presentationName="./com/h2m/C1.java"></sourceElement>
				<sourceElement originalLocation="_b5" kind="_b6" fqName="Workspace:M1:./src:com:h3m:C1.java" id="_b7" name="C1.java" presentationName="./com/h3m/C1.java"></sourceElement>
				<sourceElement locationOnly="true" kind="_b6" fqName="Workspace:M1:./src:com:h2m:C2.java" id="_ba" name="C2.java" presentationName="./com/h2m/C2.java"></sourceElement>
				<sourceElement originalLocation="_ba" kind="_b6" fqName="Workspace:M1:./src:com:h3m:C2.java" id="_bb" name="C2.java" presentationName="./com/h3m/C2.java"></sourceElement>
				<programmingElement line="3" kind="_b4" fqName="Workspace:M1:./src:com:h3m:C1.java:C1" source="_b7" id="_b3" name="C1" presentationName="com.h3m.C1"></programmingElement>
				<programmingElement line="3" kind="_b4" fqName="Workspace:M1:./src:com:h3m:C2.java:C2" source="_bb" id="_b9" name="C2" presentationName="com.h3m.C2"></programmingElement>
				<programmingElement line="5" kind="_bd" fqName="Workspace:M1:./src:com:h3m:C1.java:C1:C1()" source="_b7" id="_bc" name="C1()" presentationName="com.h3m.C1.C1()"></programmingElement>
				<programmingElement line="10" kind="_c2" fqName="Workspace:M1:./src:com:h3m:C1.java:C1:doIt()" source="_b7" id="_c1" name="doIt()" presentationName="com.h3m.C1.doIt() : int"></programmingElement>
				<programmingElement line="5" kind="_bd" fqName="Workspace:M1:./src:com:h3m:C2.java:C2:C2()" source="_bb" id="_c3" name="C2()" presentationName="com.h3m.C2.C2()"></programmingElement>
				<programmingElement line="10" kind="_c2" fqName="Workspace:M1:./src:com:h3m:C2.java:C2:doIt()" source="_bb" id="_c6" name="doIt()" presentationName="com.h3m.C2.doIt() : int"></programmingElement>
			</rootDirectory>
			<rootDirectory kind="_a9" fqName="Workspace:M1:./src2" id="_aa" name="./src2" presentationName="./src2"></rootDirectory>
		</module>
		<external language="Java" description="Contains external Java elements" kind="_ac" fqName="Workspace:External [Java]" id="_ab" name="External [Java]" presentationName="External [Java]"></external>
	</workspace>
	<systemElements ref="_0">
		<element kind="_ce" fqName="Test" id="_cd" name="Test" presentationName="Test"></element>
		<logicalNamespace derivedFrom="_af" kind="_c9" fqName="Logical system namespaces:Internal [Java]:com:h2m" id="_c8" name="h2m" presentationName="com.h3m"></logicalNamespace>
		<logicalProgrammingElement derivedFrom="_b3" kind="_cb" fqName="Logical system namespaces:Internal [Java]:com:h2m:C1" id="_ca" name="C1" presentationName="com.h3m.C1"></logicalProgrammingElement>
		<logicalProgrammingElement derivedFrom="_b9" kind="_cb" fqName="Logical system namespaces:Internal [Java]:com:h2m:C2" id="_cc" name="C2" presentationName="com.h3m.C2"></logicalProgrammingElement>
	</systemElements>
	<moduleElements ref="_a4">
		<element kind="_bf" fqName="Workspace:M1:./src:com:h3m:C1.java:C1:C1.class" source="_b7" id="_be" name="C1.class" presentationName="./com/h2m/C1.class"></element>
		<element kind="_bf" fqName="Workspace:M1:./src:com:h3m:C2.java:C2:C2.class" source="_bb" id="_c4" name="C2.class" presentationName="./com/h2m/C2.class"></element>
		<logicalNamespace derivedFrom="_af" kind="_ae" fqName="Logical module namespaces:M1:com:h2m" id="_ad" name="h2m" presentationName="com.h3m"></logicalNamespace>
		<logicalProgrammingElement derivedFrom="_b3" kind="_b2" fqName="Logical module namespaces:M1:com:h2m:C1" id="_b1" name="C1" presentationName="com.h3m.C1"></logicalProgrammingElement>
		<logicalProgrammingElement derivedFrom="_b9" kind="_b2" fqName="Logical module namespaces:M1:com:h2m:C2" id="_b8" name="C2" presentationName="com.h3m.C2"></logicalProgrammingElement>
	</moduleElements>
	<systemMetricValues elementRef="_0">
		<levelValues levelRef="_31">
			<metric ref="_8d">
				<int ref="_cd">0</int>
			</metric>
			<metric ref="_6f">
				<int ref="_cd">0</int>
			</metric>
			<metric ref="_8c">
				<int ref="_cd">0</int>
			</metric>
			<metric ref="_80">
				<int ref="_cd">0</int>
			</metric>
			<metric ref="_3f">
				<int ref="_cd">92</int>
			</metric>
			<metric ref="_62">
				<int ref="_cd">98</int>
			</metric>
			<metric ref="_91">
				<int ref="_cd">0</int>
			</metric>
			<metric ref="_70">
				<int ref="_cd">2</int>
			</metric>
			<metric ref="_9c">
				<int ref="_cd">84</int>
			</metric>
			<metric ref="_41">
				<int ref="_cd">2</int>
			</metric>
			<metric ref="_72">
				<int ref="_cd">0</int>
			</metric>
			<metric ref="_42">
				<int ref="_cd">0</int>
			</metric>
			<metric ref="_81">
				<int ref="_cd">1</int>
			</metric>
			<metric ref="_7a">
				<int ref="_cd">0</int>
			</metric>
			<metric ref="_3e">
				<int ref="_cd">0</int>
			</metric>
			<metric ref="_9f">
				<int ref="_cd">102</int>
			</metric>
			<metric ref="_78">
				<int ref="_cd">0</int>
			</metric>
			<metric ref="_2e">
				<float ref="_cd">1.0</float>
			</metric>
			<metric ref="_3c">
				<int ref="_cd">0</int>
			</metric>
			<metric ref="_79">
				<int ref="_cd">0</int>
			</metric>
			<metric ref="_45">
				<int ref="_cd">0</int>
			</metric>
			<metric ref="_75">
				<int ref="_cd">0</int>
			</metric>
			<metric ref="_8f">
				<int ref="_cd">0</int>
			</metric>
			<metric ref="_6e">
				<int ref="_cd">1</int>
			</metric>
			<metric ref="_6b">
				<float ref="_cd">0.73</float>
			</metric>
			<metric ref="_77">
				<int ref="_cd">43</int>
			</metric>
			<metric ref="_90">
				<int ref="_cd">0</int>
			</metric>
			<metric ref="_9e">
				<int ref="_cd">0</int>
			</metric>
			<metric ref="_7d">
				<int ref="_cd">0</int>
			</metric>
			<metric ref="_92">
				<int ref="_cd">0</int>
			</metric>
			<metric ref="_76">
				<int ref="_cd">0</int>
			</metric>
			<metric ref="_84">
				<int ref="_cd">1</int>
			</metric>
			<metric ref="_7b">
				<int ref="_cd">0</int>
			</metric>
			<metric ref="_89">
				<int ref="_cd">2</int>
			</metric>
			<metric ref="_9a">
				<float ref="_cd">0.0</float>
			</metric>
			<metric ref="_44">
				<int ref="_cd">0</int>
			</metric>
			<metric ref="_82">
				<int ref="_cd">0</int>
			</metric>
			<metric ref="_9d">
				<int ref="_cd">0</int>
			</metric>
			<metric ref="_95">
				<float ref="_cd">50.0</float>
			</metric>
			<metric ref="_4b">
				<int ref="_cd">0</int>
			</metric>
			<metric ref="_73">
				<int ref="_cd">0</int>
			</metric>
			<metric ref="_88">
				<int ref="_cd">78</int>
			</metric>
			<metric ref="_8e">
				<int ref="_cd">0</int>
			</metric>
			<metric ref="_71">
				<int ref="_cd">0</int>
			</metric>
			<metric ref="_6c">
				<int ref="_cd">0</int>
			</metric>
			<metric ref="_96">
				<float ref="_cd">50.0</float>
			</metric>
			<metric ref="_74">
				<int ref="_cd">0</int>
			</metric>
			<metric ref="_5b">
				<float ref="_cd">1.0</float>
			</metric>
			<metric ref="_68">
				<float ref="_cd">100.0</float>
			</metric>
			<metric ref="_9b">
				<float ref="_cd">0.0</float>
			</metric>
			<metric ref="_4c">
				<int ref="_cd">0</int>
			</metric>
			<metric ref="_46">
				<int ref="_cd">0</int>
			</metric>
			<metric ref="_7c">
				<int ref="_cd">1</int>
			</metric>
		</levelValues>
		<levelValues levelRef="_36">
			<metric ref="_99">
				<float ref="_c8">0.0</float>
			</metric>
			<metric ref="_37">
				<float ref="_c8">0.0</float>
			</metric>
			<metric ref="_53">
				<float ref="_c8">0.0</float>
			</metric>
			<metric ref="_5d">
				<float ref="_c8">1.0</float>
			</metric>
			<metric ref="_7f">
				<int ref="_c8">0</int>
			</metric>
			<metric ref="_86">
				<int ref="_c8">0</int>
			</metric>
			<metric ref="_8b">
				<int ref="_c8">2</int>
			</metric>
		</levelValues>
		<levelValues levelRef="_64">
			<metric ref="_65">
				<int ref="_ca">0</int>
				<int ref="_cc">0</int>
			</metric>
			<metric ref="_67">
				<int ref="_ca">0</int>
				<int ref="_cc">0</int>
			</metric>
		</levelValues>
	</systemMetricValues>
	<moduleMetricValues elementRef="_a4">
		<levelValues levelRef="_32">
			<metric ref="_90">
				<int ref="_a4">0</int>
			</metric>
			<metric ref="_73">
				<int ref="_a4">0</int>
			</metric>
			<metric ref="_7d">
				<int ref="_a4">0</int>
			</metric>
			<metric ref="_8c">
				<int ref="_a4">0</int>
			</metric>
			<metric ref="_8d">
				<int ref="_a4">0</int>
			</metric>
			<metric ref="_8e">
				<int ref="_a4">0</int>
			</metric>
			<metric ref="_8f">
				<int ref="_a4">0</int>
			</metric>
			<metric ref="_3b">
				<float ref="_a4">100.0</float>
			</metric>
			<metric ref="_45">
				<int ref="_a4">0</int>
			</metric>
			<metric ref="_46">
				<int ref="_a4">0</int>
			</metric>
			<metric ref="_7c">
				<int ref="_a4">1</int>
			</metric>
			<metric ref="_89">
				<int ref="_a4">2</int>
			</metric>
			<metric ref="_91">
				<int ref="_a4">0</int>
			</metric>
			<metric ref="_92">
				<int ref="_a4">0</int>
			</metric>
			<metric ref="_9d">
				<int ref="_a4">0</int>
			</metric>
			<metric ref="_9e">
				<int ref="_a4">0</int>
			</metric>
			<metric ref="_2e">
				<float ref="_a4">1.0</float>
			</metric>
			<metric ref="_41">
				<int ref="_a4">2</int>
			</metric>
			<metric ref="_68">
				<float ref="_a4">100.0</float>
			</metric>
			<metric ref="_6b">
				<float ref="_a4">0.73</float>
			</metric>
			<metric ref="_95">
				<float ref="_a4">50.0</float>
			</metric>
			<metric ref="_96">
				<float ref="_a4">50.0</float>
			</metric>
			<metric ref="_3c">
				<int ref="_a4">0</int>
			</metric>
			<metric ref="_3e">
				<int ref="_a4">0</int>
			</metric>
			<metric ref="_4b">
				<int ref="_a4">0</int>
			</metric>
			<metric ref="_4c">
				<int ref="_a4">0</int>
			</metric>
			<metric ref="_6f">
				<int ref="_a4">0</int>
			</metric>
			<metric ref="_74">
				<int ref="_a4">0</int>
			</metric>
			<metric ref="_75">
				<int ref="_a4">0</int>
			</metric>
			<metric ref="_7a">
				<int ref="_a4">0</int>
			</metric>
			<metric ref="_7b">
				<int ref="_a4">0</int>
			</metric>
			<metric ref="_80">
				<int ref="_a4">0</int>
			</metric>
			<metric ref="_9a">
				<float ref="_a4">0.0</float>
			</metric>
			<metric ref="_9b">
				<float ref="_a4">0.0</float>
			</metric>
			<metric ref="_42">
				<int ref="_a4">0</int>
			</metric>
			<metric ref="_44">
				<int ref="_a4">0</int>
			</metric>
			<metric ref="_62">
				<int ref="_a4">98</int>
			</metric>
			<metric ref="_70">
				<int ref="_a4">2</int>
			</metric>
			<metric ref="_71">
				<int ref="_a4">0</int>
			</metric>
			<metric ref="_81">
				<int ref="_a4">1</int>
			</metric>
			<metric ref="_88">
				<int ref="_a4">78</int>
			</metric>
			<metric ref="_9c">
				<int ref="_a4">84</int>
			</metric>
			<metric ref="_9f">
				<int ref="_a4">102</int>
			</metric>
		</levelValues>
		<levelValues levelRef="_36">
			<metric ref="_38">
				<float ref="_ad">100.0</float>
			</metric>
			<metric ref="_60">
				<float ref="_ad">100.0</float>
			</metric>
			<metric ref="_97">
				<float ref="_ad">0.0</float>
			</metric>
			<metric ref="_34">
				<float ref="_ad">0.0</float>
			</metric>
			<metric ref="_52">
				<float ref="_ad">0.0</float>
			</metric>
			<metric ref="_5c">
				<float ref="_ad">1.0</float>
			</metric>
			<metric ref="_7e">
				<int ref="_ad">0</int>
			</metric>
			<metric ref="_85">
				<int ref="_ad">0</int>
			</metric>
			<metric ref="_8a">
				<int ref="_ad">2</int>
			</metric>
		</levelValues>
		<levelValues levelRef="_49">
			<metric ref="_8e">
				<int ref="_b7">0</int>
				<int ref="_bb">0</int>
			</metric>
			<metric ref="_8f">
				<int ref="_b7">0</int>
				<int ref="_bb">0</int>
			</metric>
			<metric ref="_48">
				<float ref="_b7">50.0</float>
				<float ref="_bb">50.0</float>
			</metric>
			<metric ref="_4a">
				<float ref="_b7">50.0</float>
				<float ref="_bb">50.0</float>
			</metric>
			<metric ref="_50">
				<int ref="_b7">1</int>
				<int ref="_bb">1</int>
			</metric>
			<metric ref="_51">
				<int ref="_b7">1</int>
				<int ref="_bb">1</int>
			</metric>
			<metric ref="_55">
				<float ref="_bb">0.0</float>
				<float ref="_b7">0.0</float>
			</metric>
			<metric ref="_56">
				<float ref="_b7">50.0</float>
				<float ref="_bb">50.0</float>
			</metric>
			<metric ref="_58">
				<float ref="_b7">50.0</float>
				<float ref="_bb">50.0</float>
			</metric>
			<metric ref="_59">
				<float ref="_b7">50.0</float>
				<float ref="_bb">50.0</float>
			</metric>
			<metric ref="_5a">
				<float ref="_b7">50.0</float>
				<float ref="_bb">50.0</float>
			</metric>
			<metric ref="_93">
				<int ref="_b7">0</int>
				<int ref="_bb">0</int>
			</metric>
			<metric ref="_94">
				<int ref="_b7">0</int>
				<int ref="_bb">0</int>
			</metric>
			<metric ref="_a0">
				<int ref="_b7">1</int>
				<int ref="_bb">1</int>
			</metric>
			<metric ref="_a1">
				<int ref="_b7">1</int>
				<int ref="_bb">1</int>
			</metric>
			<metric ref="_5c">
				<float ref="_b7">1.0</float>
				<float ref="_bb">1.0</float>
			</metric>
			<metric ref="_5d">
				<float ref="_b7">1.0</float>
				<float ref="_bb">1.0</float>
			</metric>
			<metric ref="_7e">
				<int ref="_b7">0</int>
				<int ref="_bb">0</int>
			</metric>
			<metric ref="_7f">
				<int ref="_b7">0</int>
				<int ref="_bb">0</int>
			</metric>
			<metric ref="_85">
				<int ref="_b7">0</int>
				<int ref="_bb">0</int>
			</metric>
			<metric ref="_86">
				<int ref="_b7">0</int>
				<int ref="_bb">0</int>
			</metric>
			<metric ref="_8a">
				<int ref="_b7">1</int>
				<int ref="_bb">1</int>
			</metric>
		</levelValues>
		<levelValues levelRef="_43">
			<metric ref="_42">
				<int ref="_b7">0</int>
				<int ref="_bb">0</int>
			</metric>
			<metric ref="_44">
				<int ref="_b7">0</int>
				<int ref="_bb">0</int>
			</metric>
			<metric ref="_62">
				<int ref="_b7">49</int>
				<int ref="_bb">49</int>
			</metric>
			<metric ref="_88">
				<int ref="_b7">39</int>
				<int ref="_bb">39</int>
			</metric>
			<metric ref="_9c">
				<int ref="_b7">42</int>
				<int ref="_bb">42</int>
			</metric>
			<metric ref="_9f">
				<int ref="_b7">51</int>
				<int ref="_bb">51</int>
			</metric>
		</levelValues>
		<levelValues levelRef="_64">
			<metric ref="_63">
				<int ref="_b1">0</int>
				<int ref="_b8">0</int>
			</metric>
			<metric ref="_66">
				<int ref="_b1">0</int>
				<int ref="_b8">0</int>
			</metric>
		</levelValues>
		<levelValues levelRef="_5f">
			<metric ref="_5e">
				<float ref="_b3">100.0</float>
				<float ref="_b9">100.0</float>
			</metric>
			<metric ref="_61">
				<int ref="_b3">1</int>
				<int ref="_b9">1</int>
			</metric>
			<metric ref="_83">
				<int ref="_b3">2</int>
				<int ref="_b9">2</int>
			</metric>
			<metric ref="_88">
				<int ref="_b3">39</int>
				<int ref="_b9">39</int>
			</metric>
			<metric ref="_9c">
				<int ref="_b3">42</int>
				<int ref="_b9">42</int>
			</metric>
		</levelValues>
		<levelValues levelRef="_4f">
			<metric ref="_87">
				<int ref="_bc">0</int>
				<int ref="_c1">0</int>
				<int ref="_c3">0</int>
				<int ref="_c6">0</int>
			</metric>
			<metric ref="_88">
				<int ref="_c1">38</int>
				<int ref="_c6">38</int>
				<int ref="_bc">1</int>
				<int ref="_c3">1</int>
			</metric>
			<metric ref="_4d">
				<int ref="_bc">1</int>
				<int ref="_c1">1</int>
				<int ref="_c3">1</int>
				<int ref="_c6">1</int>
			</metric>
			<metric ref="_54">
				<int ref="_bc">1</int>
				<int ref="_c1">1</int>
				<int ref="_c3">1</int>
				<int ref="_c6">1</int>
			</metric>
			<metric ref="_69">
				<int ref="_bc">1</int>
				<int ref="_c1">1</int>
				<int ref="_c3">1</int>
				<int ref="_c6">1</int>
			</metric>
			<metric ref="_6a">
				<int ref="_bc">1</int>
				<int ref="_c1">1</int>
				<int ref="_c3">1</int>
				<int ref="_c6">1</int>
			</metric>
		</levelValues>
	</moduleMetricValues>
	<issues modelName="./Modifiable.vm" numberOfIssues="10" numberOfUnresolvedIssues="6">
		<elementIssues>
			<issue affectedElement="_aa" id="_cf" type="_2d" provider="_25"></issue>
			<issue affectedElement="_c4" id="_d0" type="_2c" provider="_26" description="Corresponding source file ./com/h2m/C2.java has a more recent timestamp than './com/h2m/C2.class'"></issue>
			<issue affectedElement="_be" id="_d1" type="_2c" provider="_26" description="Corresponding source file ./com/h2m/C1.java has a more recent timestamp than './com/h2m/C1.class'"></issue>
			<issue affectedElement="_b7" id="_d2" type="_2b" provider="_25" description="Review."></issue>
			<issue affectedElement="_af" id="_d3" type="_28" provider="_25" description="Rename to 'h3m'"></issue>
			<duplicate name="Duplicate code block 1" fqName="Files:BaseDirectory:SystemDirectory:Analyzers:DuplicateCode:Result:80cccc3de4c65f96e6d8c9bcd66068d2|295ded426f939d3a2181312225fa3000" blockSize="43" numberOfOccurrences="2" id="_d4" type="_27" provider="_25" description="2 occurrences with 43 line(s) found in 2 file(s)">
				<occurrence source="_b7" startLine="7" blockSize="43" tolerance="0"></occurrence>
				<occurrence source="_bb" startLine="7" blockSize="43" tolerance="0"></occurrence>
			</duplicate>
			<thresholdViolation thresholdRef="_a2" metricValue="49" affectedElement="_b7" id="_d5" type="_29" provider="_25" description="Lines of Code = 49 (allowed range: 0 to 10)" line="1"></thresholdViolation>
			<thresholdViolation thresholdRef="_a2" metricValue="49" affectedElement="_bb" id="_d6" type="_29" provider="_25" description="Lines of Code = 49 (allowed range: 0 to 10)" line="1"></thresholdViolation>
			<thresholdViolation thresholdRef="_a3" metricValue="0" affectedElement="_b7" id="_d7" type="_2a" provider="_25" description="Comment Lines = 0 (allowed range: 10 to 100)" line="1"></thresholdViolation>
			<thresholdViolation thresholdRef="_a3" metricValue="0" affectedElement="_bb" id="_d8" type="_2a" provider="_25" description="Comment Lines = 0 (allowed range: 10 to 100)" line="1"></thresholdViolation>
		</elementIssues>
	</issues>
	<resolutions numberOfResolutions="4">
		<resolution type="Todo" prio="Medium" fqName="Files:BaseDirectory:SystemDirectory:Models:Parser:Modifiable.vm:272547927" issueIds="_d2" description="Review." information="Todo" assignee="Dietmar" date="2018-05-15T15:27:56.031-05:00" applicable="true" task="true" refactoring="false"></resolution>
		<resolution type="Refactoring" prio="Medium" fqName="Files:BaseDirectory:SystemDirectory:Models:Parser:Modifiable.vm:1849390983" issueIds="_d3" description="" information="" assignee="" date="2018-05-15T22:28:11.898+02:00" applicable="true" task="true" refactoring="true"></resolution>
		<resolution type="Ignore" prio="None" fqName="Files:BaseDirectory:SystemDirectory:Models:Parser:Modifiable.vm:282701737" issueIds="_d6" description="" information="Threshold Violation (Error), CoreLinesOfCode:SourceFile" assignee="" date="2018-05-19T00:40:59.379+02:00" applicable="true" task="false" refactoring="false"></resolution>
		<resolution type="Fix" prio="Medium" fqName="Files:BaseDirectory:SystemDirectory:Models:Parser:Modifiable.vm:167129215" issueIds="_d7" description="Do it." information="Threshold Violation, CoreCommentLines:SourceFile" assignee="Dietmar" date="2018-05-18T17:42:08.056-05:00" applicable="true" task="true" refactoring="false"></resolution>
	</resolutions>
</ns3:report>